C:\Users\Pete\Dropbox\WEE\scintilla.e:39 in function scintilla_send_message() 
c_proc/c_func: bad routine number (-1) 
    hwnd = 0
    m = 2056
    w = 32' '
    l = 2025096

... called from C:\Users\Pete\Dropbox\WEE\WEE.EXW:172 in procedure init_edit()  
    hedit = 0
    junk = <no value>

... called from C:\Users\Pete\Dropbox\WEE\ui_win.e:260 in procedure new_tab()  
    file = {}
    junk = 0
    tcitem = 36805288
    tab = 0
    newedit = 0

... called from C:\Users\Pete\Dropbox\WEE\ui_win.e:474 in procedure new_file()  
    junk = <no value>

... called from C:\Users\Pete\Dropbox\WEE\ui_win.e:1443 in procedure WinMain()  
    msg = 36020160
    id = 6
    junk = 0
    tcitem = <no value>
    cmdline = {
                {67'C',58':',92'\',79'O',112'p',101'e',110'n',69'E',117'u',
112'p',104'h',111'o',114'r',105'i',97'a',92'\',98'b',105'i',110'n',92'\',
101'e',117'u',105'i',119'w',46'.',101'e',120'x',101'e'},
                {67'C',58':',92'\',85'U',115's',101'e',114'r',115's',92'\',
80'P',101'e',116't',101'e',92'\',68'D',114'r',111'o',112'p',98'b',111'o',
120'x',92'\',87'W',69'E',69'E',92'\',87'W',69'E',69'E',46'.',69'E',88'X',
87'W'}
              }

... called from C:\Users\Pete\Dropbox\WEE\ui_win.e:1469 


Public & Export & Global & Local Variables

 C:\Users\Pete\Dropbox\WEE\parser.e:
    cache = {}
    types = <no value>
    keywords = {
                 {103'g',108'l',111'o',98'b',97'a',108'l'},
                 {102'f',117'u',110'n',99'c',116't',105'i',111'o',110'n'},
                 {112'p',114'r',111'o',99'c',101'e',100'd',117'u',114'r',
101'e'},
                 {116't',121'y',112'p',101'e'},
                 {101'e',110'n',100'd'},
                 {105'i',102'f'},
                 {116't',104'h',101'e',110'n'},
                 {101'e',108'l',115's',101'e'},
                 {101'e',108'l',115's',105'i',102'f'},
                 {102'f',111'o',114'r'},
                 {116't',111'o'},
                 {98'b',121'y'},
                 {119'w',104'h',105'i',108'l',101'e'},
                 {100'd',111'o'},
                 {105'i',110'n',99'c',108'l',117'u',100'd',101'e'},
                 {119'w',105'i',116't',104'h'},
                 {119'w',105'i',116't',104'h',111'o',117'u',116't'},
                 {101'e',110'n',117'u',109'm'}
               }
    text = {}
    source_filename = {60'<',110'n',111'o',110'n',101'e',62'>'}
    idx = 1
    tok_idx = 1
    tok = {}
    include_ids = <no value>
    include_flags = <no value>

 c:\OpenEuphoria\include\std\memconst.e:
    DEP_really_works = 1
    use_DEP = 1
    FREE_RID = 1
    kernel_dll = <no value>
    memDLL_id = <no value>
    VirtualAlloc_rid = <no value>
    VirtualLock_rid = <no value>
    VirtualUnlock_rid = <no value>
    VirtualProtect_rid = <no value>
    GetLastError_rid = <no value>
    GetSystemInfo_rid = <no value>

 c:\OpenEuphoria\include\std\memory.e:
    edges_only = <no value>
    check_calls = 1
    VirtualFree_rid = 25

 c:\OpenEuphoria\include\std\types.e:
    Defined_Sets = {
                     {98'b',99'c',100'd',102'f',103'g',104'h',106'j',107'k',
108'l',109'm',110'n',112'p',113'q',114'r',115's',116't',118'v',119'w',120'x',
121'y',122'z',66'B',67'C',68'D',70'F',71'G',72'H',74'J',75'K',76'L',77'M',
78'N',80'P',81'Q',82'R',83'S',84'T',86'V',87'W',88'X',89'Y',90'Z'},
                     {97'a',101'e',105'i',111'o',117'u',65'A',69'E',73'I',
79'O',85'U'},
                     {
                       {48'0',57'9'},
                       {65'A',70'F'},
                       {97'a',102'f'}
                     },
                     {32' ',9,10,13,11,160},
                     {
                       {32' ',47'/'},
                       {58':',63'?'},
                       {91'[',96'`'},
                       {123'{',126'~'}
                     },
                     {
                       {32' ',126'~'}
                     },
                     {
                       {32' ',126'~'},
                       {32' ',32' '},
                       {9,9},
                       {10,10},
                       {13,13},
                       {8,8},
                       {7,7}
                     },
                     {
                       {97'a',122'z'}
                     },
                     {
                       {65'A',90'Z'}
                     },
                     {
                       {48'0',57'9'},
                       {97'a',122'z'},
                       {65'A',90'Z'}
                     },
                     {
                       {48'0',57'9'},
                       {97'a',122'z'},
                       {65'A',90'Z'},
                       {95'_',95'_'}
                     },
                     {
                       {97'a',122'z'},
                       {65'A',90'Z'}
                     },
                     {
                       {0,127''}
                     },
                     {
                       {0,31},
                       {127'',127''}
                     },
                     {
                       {48'0',57'9'}
                     },
                     {
                       {33'!',126'~'}
                     },
                     {
                       {0,255}
                     },
                     {95'_'},
                     {1,0}
                   }

 c:\OpenEuphoria\include\std\machine.e:
    FREE_ARRAY_RID = 2
    page_size = 4096
    kernel_dll = 1965096960
    memDLL_id = 1965096960
    VirtualAlloc_rid = 23
    VirtualProtect_rid = 24
    GetLastError_rid = 26
    GetSystemInfo_rid = 27
    vaa = <no value>
    system_info_ptr = <no value>
    oldprotptr = 2024840

 c:\OpenEuphoria\include\misc.e:
    pretty_end_col = <no value>
    pretty_chars = <no value>
    pretty_start_col = <no value>
    pretty_level = <no value>
    pretty_file = <no value>
    pretty_ascii = <no value>
    pretty_indent = <no value>
    pretty_ascii_min = <no value>
    pretty_ascii_max = <no value>
    pretty_line_count = <no value>
    pretty_line_max = <no value>
    pretty_dots = <no value>
    pretty_fp_format = <no value>
    pretty_int_format = <no value>
    pretty_line = <no value>

 C:\Users\Pete\Dropbox\WEE\scintilla.e:
    dll = {115's',99'c',105'i',110'n',116't',105'i',108'l',108'l',97'a',92'\',
83'S',99'c',105'i',76'L',101'e',120'x',101'e',114'r',46'.',100'd',108'l',
108'l'}
    send_message = {83'S',99'c',105'i',110'n',116't',105'i',108'l',108'l',
97'a',95'_',68'D',105'i',114'r',101'e',99'c',116't',70'F',117'u',110'n',
99'c',116't',105'i',111'o',110'n'}

 c:\OpenEuphoria\include\get.e:
    input_file = <no value>
    input_string = {49'1',49'1'}
    string_next = 3
    ch = -1

 c:\OpenEuphoria\include\machine.e:
    mem = 2024904
    check_calls = 1

 C:\Users\Pete\Dropbox\WEE\window.ew:
    strings = {}
    find_struc = 0
    hwnd_find = 0
    bytes_allotted = 0

 C:\Users\Pete\Dropbox\WEE\ui_win.e:
    hMainWnd = 328392
    hFindDlg = 0
    class = 14598535
    hmenu = 7078067
    hfilemenu = 40436109
    heditmenu = 6160747
    hsearchmenu = 9241291
    hviewmenu = 3277371
    hrunmenu = 146014341
    hoptionsmenu = <no value>
    hhelpmenu = 7667947
    hedit = 0
    direct_hedit = 0
    hstatus = 1376898
    htabs = 1835612
    hcode = 0
    WM_FIND = 49277
    captionFont = 1963592468
    smCaptionFont = 1175063366
    menuFont = -418772231
    statusFont = -66450649
    messageFont = -905311487
    ex_err_timestamp = -1
    last_pos = 0
    last_pos2 = 0
    current_filter = 1
    subs = <no value>

 C:\Users\Pete\Dropbox\WEE\WEE.EXW:
    x_pos = 1153
    y_pos = 30
    x_size = 657
    y_size = 1093
    font_name = {67'C',111'o',110'n',115's',111'o',108'l',97'a',115's'}
    recent_files = {
                     {67'C',58':',92'\',85'U',115's',101'e',114'r',115's',
92'\',80'P',101'e',116't',101'e',92'\',68'D',114'r',111'o',112'p',98'b',
111'o',120'x',92'\',87'W',69'E',69'E',92'\',87'W',69'E',69'E',46'.',69'E',
88'X',87'W'},
                     {67'C',58':',92'\',85'U',115's',101'e',114'r',115's',
92'\',80'P',101'e',116't',101'e',92'\',68'D',114'r',111'o',112'p',98'b',
111'o',120'x',92'\',87'W',69'E',69'E',92'\',115's',99'c',105'i',110'n',116't',
105'i',108'l',108'l',97'a',46'.',101'e'},
                     {67'C',58':',92'\',85'U',115's',101'e',114'r',115's',
92'\',80'P',101'e',116't',101'e',92'\',68'D',114'r',111'o',112'p',98'b',
111'o',120'x',92'\',87'W',69'E',69'E',92'\',117'u',105'i',95'_',103'g',116't',
107'k',46'.',101'e'},
                     {67'C',58':',92'\',85'U',115's',101'e',114'r',115's',
92'\',80'P',101'e',116't',101'e',92'\',68'D',114'r',111'o',112'p',98'b',
111'o',120'x',92'\',87'W',69'E',69'E',92'\',87'W',73'I',78'N',68'D',79'O',
87'W',46'.',69'E',87'W'},
                     {67'C',58':',92'\',85'U',115's',101'e',114'r',115's',
92'\',80'P',101'e',116't',101'e',92'\',68'D',114'r',111'o',112'p',98'b',
111'o',120'x',92'\',87'W',69'E',69'E',92'\',117'u',105'i',95'_',119'w',105'i',
110'n',46'.',101'e'}
                   }
    recent_pos = {5990,384,114'r',0,11}
    font_height = 11
    modified = 0
    file_name = {}
    run_file_name = {}
    tab_hedits = {}
    tab_file_names = {}
    tab_timestamps = {}


